<?xml version="1.0" encoding="UTF-8"?>
<!-- Generated by org.testng.reporters.JUnitReportReporter -->
<testsuite hostname="BaluNagendras-MacBook-Air.local" failures="0" tests="2" name="Data_Driven_Test.LoginTest" time="0.257" errors="0" timestamp="2025-11-25T22:42:41 EST" skipped="0">
  <testcase classname="Data_Driven_Test.LoginTest" name="testLogin" time="0.070"/>
  <testcase classname="Data_Driven_Test.LoginTest" name="testLogin" time="0.187"/>
</testsuite> <!-- Data_Driven_Test.LoginTest -->
